633:M 05 Dec 18:25:55.830 * Increased maximum number of open files to 10032 (it was originally set to 256).
                _._                                                  
           _.-``__ ''-._                                             
      _.-``    `.  `_.  ''-._           Redis 3.0.5 (b2e847df/0) 64 bit
  .-`` .-```.  ```\/    _.,_ ''-._                                   
 (    '      ,       .-`  | `,    )     Running in standalone mode
 |`-._`-...-` __...-.``-._|'` _.-'|     Port: 6379
 |    `-._   `._    /     _.-'    |     PID: 633
  `-._    `-._  `-./  _.-'    _.-'                                   
 |`-._`-._    `-.__.-'    _.-'_.-'|                                  
 |    `-._`-._        _.-'_.-'    |           http://redis.io        
  `-._    `-._`-.__.-'_.-'    _.-'                                   
 |`-._`-._    `-.__.-'    _.-'_.-'|                                  
 |    `-._`-._        _.-'_.-'    |                                  
  `-._    `-._`-.__.-'_.-'    _.-'                                   
      `-._    `-.__.-'    _.-'                                       
          `-._        _.-'                                           
              `-.__.-'                                               

633:M 05 Dec 18:25:55.841 # Server started, Redis version 3.0.5
633:M 05 Dec 18:25:55.841 * The server is now ready to accept connections on port 6379
633:signal-handler (1449328271) Received SIGTERM scheduling shutdown...
633:M 05 Dec 23:11:11.184 # User requested shutdown...
633:M 05 Dec 23:11:11.184 * Calling fsync() on the AOF file.
633:M 05 Dec 23:11:11.186 * Saving the final RDB snapshot before exiting.
633:M 05 Dec 23:11:11.192 * DB saved on disk
633:M 05 Dec 23:11:11.192 * Removing the pid file.
633:M 05 Dec 23:11:11.192 # Redis is now ready to exit, bye bye...
